#
# A fatal error has been detected by the Java Runtime Environment:
#
#  EXCEPTION_ACCESS_VIOLATION (0xc0000005) at pc=0x00007ff98e00c79c, pid=11344, tid=9608
#
# JRE version: OpenJDK Runtime Environment (21.0.1+12) (build 21.0.1+12-29)
# Java VM: OpenJDK 64-Bit Server VM (21.0.1+12-29, mixed mode, emulated-client, sharing, tiered, compressed oops, compressed class ptrs, g1 gc, windows-amd64)
# Problematic frame:
# V  [jvm.dll+0x16c79c]
#
# No core dump will be written. Minidumps are not enabled by default on client versions of Windows
#
# If you would like to submit a bug report, please visit:
#   https://bugreport.java.com/bugreport/crash.jsp
#

---------------  S U M M A R Y ------------

Command Line: -XX:TieredStopAtLevel=1 -Dspring.output.ansi.enabled=always -Dcom.sun.management.jmxremote -Dspring.jmx.enabled=true -Dspring.liveBeansView.mbeanDomain -Dspring.application.admin.enabled=true -Dmanagement.endpoints.jmx.exposure.include=* -javaagent:C:\Program Files\JetBrains\IntelliJ IDEA 2023.2.5\lib\idea_rt.jar=50226:C:\Program Files\JetBrains\IntelliJ IDEA 2023.2.5\bin -Dfile.encoding=UTF-8 -Dsun.stdout.encoding=UTF-8 -Dsun.stderr.encoding=UTF-8 com.banking.BankingApplication

Host: Intel(R) Core(TM) i5-2520M CPU @ 2.50GHz, 4 cores, 5G,  Windows 10 , 64 bit Build 19041 (10.0.19041.3636)
Time: Sat Dec  9 09:57:53 2023 Egypt Standard Time elapsed time: 18.773983 seconds (0d 0h 0m 18s)

---------------  T H R E A D  ---------------

Current thread (0x0000011c0882eed0):  JavaThread "C1 CompilerThread1" daemon [_thread_in_native, id=9608, stack(0x0000001bd1300000,0x0000001bd1400000) (1024K)]


Current CompileTask:
C1:  18774 1600       1       jdk.internal.org.objectweb.asm.ClassWriter::toByteArray (1517 bytes)

Stack: [0x0000001bd1300000,0x0000001bd1400000],  sp=0x0000001bd13fe810,  free space=1018k
Native frames: (J=compiled Java code, j=interpreted, Vv=VM code, C=native code)
V  [jvm.dll+0x16c79c]
V  [jvm.dll+0x164fa8]
V  [jvm.dll+0x158877]
V  [jvm.dll+0x168436]
V  [jvm.dll+0x153c00]
V  [jvm.dll+0x153f83]
V  [jvm.dll+0x154244]
V  [jvm.dll+0x153686]
V  [jvm.dll+0x1553ed]
V  [jvm.dll+0x2586b9]
V  [jvm.dll+0x256c9a]
V  [jvm.dll+0x3ef1b6]
V  [jvm.dll+0x7fd728]
V  [jvm.dll+0x6c777d]
C  [ucrtbase.dll+0x21bb2]
C  [KERNEL32.DLL+0x17344]
C  [ntdll.dll+0x526b1]


siginfo: EXCEPTION_ACCESS_VIOLATION (0xc0000005), reading address 0xffffffffffffffff


Registers:
RAX=0x0000011c4e344260, RBX=0x0000000000000000, RCX=0x0000000000000001, RDX=0x0000000000000005
RSP=0x0000001bd13fe810, RBP=0x0000000000000000, RSI=0x0000011c4e344198, RDI=0x0000000000000000
R8 =0x0400000000000000, R9 =0x0000000000000005, R10=0x0000011c4e344210, R11=0x000000000000000f
R12=0x0000000000000000, R13=0x0000011c08491bd0, R14=0x0000011c4e5e6f7c, R15=0x0000011c4e343c48
RIP=0x00007ff98e00c79c, EFLAGS=0x0000000000010206


Register to memory mapping:

RAX=0x0000011c4e344260 points into unknown readable memory: 0x0000000000000001 | 01 00 00 00 00 00 00 00
RBX=0x0 is null
RCX=0x0000000000000001 is an unknown value
RDX=0x0000000000000005 is an unknown value
RSP=0x0000001bd13fe810 is pointing into the stack for thread: 0x0000011c0882eed0
RBP=0x0 is null
RSI=0x0000011c4e344198 points into unknown readable memory: 0x0000011c4e5949d0 | d0 49 59 4e 1c 01 00 00
RDI=0x0 is null
R8 =0x0400000000000000 is an unknown value
R9 =0x0000000000000005 is an unknown value
R10=0x0000011c4e344210 points into unknown readable memory: 0x0000000000000000 | 00 00 00 00 00 00 00 00
R11=0x000000000000000f is an unknown value
R12=0x0 is null
R13=0x0000011c08491bd0 points into unknown readable memory: 0x0000011c4e5949d0 | d0 49 59 4e 1c 01 00 00
R14=0x0000011c4e5e6f7c points into unknown readable memory: 00 00 00 00
R15=0x0000011c4e343c48 points into unknown readable memory: 0x00007ff98e83e890 | 90 e8 83 8e f9 7f 00 00

Top of Stack: (sp=0x0000001bd13fe810)
0x0000001bd13fe810:   0000000000000000 0000000000000000
0x0000001bd13fe820:   0000011c4e344198 0000000000000000
0x0000001bd13fe830:   0000011c4e344260 000000000000000f
0x0000001bd13fe840:   0000000000000001 00007ff98e04f1c9
0x0000001bd13fe850:   0000011c08491bd0 0000011c4e5e6f7c
0x0000001bd13fe860:   0000000000000000 0000001bd13fea70
0x0000001bd13fe870:   0000011c4e343f70 0000011c4e343a88
0x0000001bd13fe880:   0000000000000000 00007ff98e004fa8
0x0000001bd13fe890:   0000000000000000 0000011c08491bd0
0x0000001bd13fe8a0:   0000000000000001 0000011c4e343f70
0x0000001bd13fe8b0:   0000001bd13fee20 0000011c4e5949d0
0x0000001bd13fe8c0:   0000000000000000 ffffffffffffffff
0x0000001bd13fe8d0:   0000011c4e59a2d0 00007ff98dff8877
0x0000001bd13fe8e0:   0000001bd13fea70 0000001bd13fea70
0x0000001bd13fe8f0:   0000001bd13fe9e0 0000011c4e5e6f10
0x0000001bd13fe900:   0000011c08491bd0 0000000000000000
0x0000001bd13fe910:   0000001bd13fee20 0000011c4e5949d0
0x0000001bd13fe920:   000000800000005e 0000011c4e58ef50
0x0000001bd13fe930:   0000000000000000 0000011c4e594b80
0x0000001bd13fe940:   000005ed000005e8 0000011c4e7625b0
0x0000001bd13fe950:   0000000000000000 0000000000000000
0x0000001bd13fe960:   0000000000000000 0000000000000000
0x0000001bd13fe970:   0000000000000000 0000005e00000000
0x0000001bd13fe980:   0000011c08491b60 0000000000000000
0x0000001bd13fe990:   0000000000000007 00007ff900000000
0x0000001bd13fe9a0:   0000011c76944460 00007ff98e096b00
0x0000001bd13fe9b0:   0000000000000026 0000001bd13fe998
0x0000001bd13fe9c0:   0000011c4e594a20 00007ff98dfdef6f
0x0000001bd13fe9d0:   0000000000000001 00000000ffffffff
0x0000001bd13fe9e0:   0000001bd13ff590 0000011c4e59a2d0
0x0000001bd13fe9f0:   0000011c4e594a48 00007ff98e008803
0x0000001bd13fea00:   0000011c4e594a48 0000000000000000 

Instructions: (pc=0x00007ff98e00c79c)
0x00007ff98e00c69c:   00 00 41 3b d1 7c dd 41 8d 41 ff 89 83 a0 00 00
0x00007ff98e00c6ac:   00 e9 3e ff ff ff cc cc cc cc cc cc cc cc cc cc
0x00007ff98e00c6bc:   cc cc cc cc 48 89 5c 24 18 48 89 54 24 10 55 56
0x00007ff98e00c6cc:   57 41 54 41 55 41 56 41 57 48 83 ec 40 48 8b 79
0x00007ff98e00c6dc:   60 45 0f b6 e0 4c 8b ea 4c 8b f9 48 85 ff 0f 85
0x00007ff98e00c6ec:   a8 01 00 00 8b 81 84 00 00 00 c1 e8 06 a8 01 0f
0x00007ff98e00c6fc:   85 a0 03 00 00 8b 59 6c 8d 4f 50 e8 64 65 fc ff
0x00007ff98e00c70c:   33 ed 48 85 c0 74 17 44 8b cb 44 8d 47 06 49 8b
0x00007ff98e00c71c:   d5 48 8b c8 e8 7b 29 04 00 48 8b f0 eb 03 48 8b
0x00007ff98e00c72c:   f5 48 8b 0e 48 8d 54 24 20 45 8b 47 6c 48 8b 49
0x00007ff98e00c73c:   18 e8 ae 9f 08 00 40 38 6c 24 30 74 6f 44 8b 5e
0x00007ff98e00c74c:   18 44 8b cd 45 85 db 7e 63 66 66 66 0f 1f 84 00
0x00007ff98e00c75c:   00 00 00 00 48 8b 46 20 49 63 c9 4c 8b 04 c8 4c
0x00007ff98e00c76c:   8d 14 c8 4d 85 c0 74 37 0f b6 c1 48 c1 e9 06 24
0x00007ff98e00c77c:   3f 0f b6 d0 48 8b 44 24 20 48 8b 0c c8 48 0f a3
0x00007ff98e00c78c:   d1 73 0a 49 8b 40 18 83 78 0c 08 75 03 49 89 2a
0x00007ff98e00c79c:   49 8b 40 18 83 78 0c 08 74 05 8b 40 08 eb 05 b8
0x00007ff98e00c7ac:   01 00 00 00 44 03 c8 45 3b cb 7c a8 41 8b 87 84
0x00007ff98e00c7bc:   00 00 00 c1 e8 07 a8 01 0f 84 c3 00 00 00 44 8b
0x00007ff98e00c7cc:   76 30 8b fd 45 85 f6 7e 30 66 66 66 0f 1f 84 00
0x00007ff98e00c7dc:   00 00 00 00 48 8b 46 38 44 8b c7 48 63 cf 49 8b
0x00007ff98e00c7ec:   d7 48 8b 1c c8 48 8b ce e8 e7 30 04 00 48 8b 43
0x00007ff98e00c7fc:   18 03 78 08 41 3b fe 7c db 8b 7e 18 4c 8b 36 85
0x00007ff98e00c80c:   ff 7e 7e 90 48 8b 46 20 48 63 d5 48 8b 1c d0 48
0x00007ff98e00c81c:   85 db 74 62 4d 8b 46 50 0f b6 c2 24 3f 0f b6 c8
0x00007ff98e00c82c:   48 8b c2 48 c1 e8 06 49 8b 04 c0 48 0f a3 c8 72
0x00007ff98e00c83c:   28 48 8b 43 18 83 78 08 02 75 19 48 ff c2 0f b6
0x00007ff98e00c84c:   c2 48 c1 ea 06 24 3f 0f b6 c8 49 8b 04 d0 48 0f
0x00007ff98e00c85c:   a3 c8 72 05 45 84 e4 74 0e 44 8b c5 49 8b d7 48
0x00007ff98e00c86c:   8b ce e8 ad 2f 04 00 48 8b 43 18 83 78 0c 08 74
0x00007ff98e00c87c:   05 8b 40 08 eb 05 b8 01 00 00 00 03 e8 3b ef 7c
0x00007ff98e00c88c:   83 49 89 77 60 b0 01 e9 0b 02 00 00 48 8b cf e8 


Stack slot to memory mapping:

stack at sp + 0 slots: 0x0 is null
stack at sp + 1 slots: 0x0 is null
stack at sp + 2 slots: 0x0000011c4e344198 points into unknown readable memory: 0x0000011c4e5949d0 | d0 49 59 4e 1c 01 00 00
stack at sp + 3 slots: 0x0 is null
stack at sp + 4 slots: 0x0000011c4e344260 points into unknown readable memory: 0x0000000000000001 | 01 00 00 00 00 00 00 00
stack at sp + 5 slots: 0x000000000000000f is an unknown value
stack at sp + 6 slots: 0x0000000000000001 is an unknown value
stack at sp + 7 slots: 0x00007ff98e04f1c9 jvm.dll


---------------  P R O C E S S  ---------------

Threads class SMR info:
_java_thread_list=0x0000011c4e24f5a0, length=14, elements={
0x0000011c7696a080, 0x0000011c7fb59820, 0x0000011c7fb5a740, 0x0000011c7fb5e980,
0x0000011c7fb60be0, 0x0000011c7fb61640, 0x0000011c7fb642c0, 0x0000011c7fb70230,
0x0000011c0850c300, 0x0000011c0882eed0, 0x0000011c4e0e8680, 0x0000011c4e0e8cf0,
0x0000011c4e1f3110, 0x0000011c4e3e17c0
}

Java Threads: ( => current thread )
  0x0000011c7696a080 JavaThread "main"                              [_thread_in_Java, id=12400, stack(0x0000001bd0300000,0x0000001bd0400000) (1024K)]
  0x0000011c7fb59820 JavaThread "Reference Handler"          daemon [_thread_blocked, id=4148, stack(0x0000001bd0b00000,0x0000001bd0c00000) (1024K)]
  0x0000011c7fb5a740 JavaThread "Finalizer"                  daemon [_thread_blocked, id=6620, stack(0x0000001bd0c00000,0x0000001bd0d00000) (1024K)]
  0x0000011c7fb5e980 JavaThread "Signal Dispatcher"          daemon [_thread_blocked, id=11408, stack(0x0000001bd0d00000,0x0000001bd0e00000) (1024K)]
  0x0000011c7fb60be0 JavaThread "Attach Listener"            daemon [_thread_blocked, id=2952, stack(0x0000001bd0e00000,0x0000001bd0f00000) (1024K)]
  0x0000011c7fb61640 JavaThread "Service Thread"             daemon [_thread_blocked, id=10588, stack(0x0000001bd0f00000,0x0000001bd1000000) (1024K)]
  0x0000011c7fb642c0 JavaThread "Monitor Deflation Thread"   daemon [_thread_blocked, id=13196, stack(0x0000001bd1000000,0x0000001bd1100000) (1024K)]
  0x0000011c7fb70230 JavaThread "C1 CompilerThread0"         daemon [_thread_blocked, id=10896, stack(0x0000001bd1100000,0x0000001bd1200000) (1024K)]
  0x0000011c0850c300 JavaThread "Common-Cleaner"             daemon [_thread_blocked, id=12424, stack(0x0000001bd1200000,0x0000001bd1300000) (1024K)]
=>0x0000011c0882eed0 JavaThread "C1 CompilerThread1"         daemon [_thread_in_native, id=9608, stack(0x0000001bd1300000,0x0000001bd1400000) (1024K)]
  0x0000011c4e0e8680 JavaThread "Monitor Ctrl-Break"         daemon [_thread_in_native, id=9964, stack(0x0000001bd1400000,0x0000001bd1500000) (1024K)]
  0x0000011c4e0e8cf0 JavaThread "Notification Thread"        daemon [_thread_blocked, id=2932, stack(0x0000001bd1500000,0x0000001bd1600000) (1024K)]
  0x0000011c4e1f3110 JavaThread "C1 CompilerThread2"         daemon [_thread_blocked, id=12684, stack(0x0000001bd1600000,0x0000001bd1700000) (1024K)]
  0x0000011c4e3e17c0 JavaThread "RMI TCP Accept-0"           daemon [_thread_in_native, id=1176, stack(0x0000001bd1a00000,0x0000001bd1b00000) (1024K)]
Total: 14

Other Threads:
  0x0000011c7fb3f0b0 VMThread "VM Thread"                           [id=5896, stack(0x0000001bd0a00000,0x0000001bd0b00000) (1024K)]
  0x0000011c7fb243f0 WatcherThread "VM Periodic Task Thread"        [id=9656, stack(0x0000001bd0900000,0x0000001bd0a00000) (1024K)]
  0x0000011c78a7b4a0 WorkerThread "GC Thread#0"                     [id=10512, stack(0x0000001bd0400000,0x0000001bd0500000) (1024K)]
  0x0000011c4e1f19d0 WorkerThread "GC Thread#1"                     [id=12312, stack(0x0000001bd1700000,0x0000001bd1800000) (1024K)]
  0x0000011c4e228fd0 WorkerThread "GC Thread#2"                     [id=2800, stack(0x0000001bd1800000,0x0000001bd1900000) (1024K)]
  0x0000011c4e229370 WorkerThread "GC Thread#3"                     [id=10356, stack(0x0000001bd1900000,0x0000001bd1a00000) (1024K)]
  0x0000011c76a2dd70 ConcurrentGCThread "G1 Main Marker"            [id=9748, stack(0x0000001bd0500000,0x0000001bd0600000) (1024K)]
  0x0000011c78a88ad0 WorkerThread "G1 Conc#0"                       [id=12112, stack(0x0000001bd0600000,0x0000001bd0700000) (1024K)]
  0x0000011c78af4820 ConcurrentGCThread "G1 Refine#0"               [id=4212, stack(0x0000001bd0700000,0x0000001bd0800000) (1024K)]
  0x0000011c78af52a0 ConcurrentGCThread "G1 Service"                [id=1368, stack(0x0000001bd0800000,0x0000001bd0900000) (1024K)]
Total: 10

Threads with active compile tasks:
C1 CompilerThread1    18886 1600       1       jdk.internal.org.objectweb.asm.ClassWriter::toByteArray (1517 bytes)
Total: 1

VM state: not at safepoint (normal execution)

VM Mutex/Monitor currently owned by a thread: None

Heap address: 0x00000000a1000000, size: 1520 MB, Compressed Oops mode: 32-bit

CDS archive(s) mapped at: [0x0000011c09000000-0x0000011c09c90000-0x0000011c09c90000), size 13172736, SharedBaseAddress: 0x0000011c09000000, ArchiveRelocationMode: 1.
Compressed class space mapped at: 0x0000011c0a000000-0x0000011c4a000000, reserved size: 1073741824
Narrow klass base: 0x0000011c09000000, Narrow klass shift: 0, Narrow klass range: 0x100000000

GC Precious Log:
 CardTable entry size: 512
 Card Set container configuration: InlinePtr #cards 5 size 8 Array Of Cards #cards 12 size 40 Howl #buckets 4 coarsen threshold 1843 Howl Bitmap #cards 512 size 80 coarsen threshold 460 Card regions per heap region 1 cards per card region 2048
 CPUs: 4 total, 4 available
 Memory: 6078M
 Large Page Support: Disabled
 NUMA Support: Disabled
 Compressed Oops: Enabled (32-bit)
 Heap Region Size: 1M
 Heap Min Capacity: 8M
 Heap Initial Capacity: 96M
 Heap Max Capacity: 1520M
 Pre-touch: Disabled
 Parallel Workers: 4
 Concurrent Workers: 1
 Concurrent Refinement Workers: 4
 Periodic GC: Disabled

Heap:
 garbage-first heap   total 98304K, used 17088K [0x00000000a1000000, 0x0000000100000000)
  region size 1024K, 12 young (12288K), 2 survivors (2048K)
 Metaspace       used 9943K, committed 10176K, reserved 1114112K
  class space    used 1282K, committed 1408K, reserved 1048576K

Heap Regions: E=young(eden), S=young(survivor), O=old, HS=humongous(starts), HC=humongous(continues), CS=collection set, F=free, TAMS=top-at-mark-start, PB=parsable bottom
|   0|0x00000000a1000000, 0x00000000a1100000, 0x00000000a1100000|100%|HS|  |TAMS 0x00000000a1000000| PB 0x00000000a1000000| Complete 
|   1|0x00000000a1100000, 0x00000000a1200000, 0x00000000a1200000|100%| O|  |TAMS 0x00000000a1100000| PB 0x00000000a1100000| Untracked 
|   2|0x00000000a1200000, 0x00000000a1300000, 0x00000000a1300000|100%| O|  |TAMS 0x00000000a1200000| PB 0x00000000a1200000| Untracked 
|   3|0x00000000a1300000, 0x00000000a1400000, 0x00000000a1400000|100%| O|  |TAMS 0x00000000a1300000| PB 0x00000000a1300000| Untracked 
|   4|0x00000000a1400000, 0x00000000a1500000, 0x00000000a1500000|100%| O|  |TAMS 0x00000000a1400000| PB 0x00000000a1400000| Untracked 
|   5|0x00000000a1500000, 0x00000000a1600000, 0x00000000a1600000|100%| O|  |TAMS 0x00000000a1500000| PB 0x00000000a1500000| Untracked 
|   6|0x00000000a1600000, 0x00000000a1694438, 0x00000000a1700000| 57%| O|  |TAMS 0x00000000a1600000| PB 0x00000000a1600000| Untracked 
|   7|0x00000000a1700000, 0x00000000a1700000, 0x00000000a1800000|  0%| F|  |TAMS 0x00000000a1700000| PB 0x00000000a1700000| Untracked 
|   8|0x00000000a1800000, 0x00000000a1800000, 0x00000000a1900000|  0%| F|  |TAMS 0x00000000a1800000| PB 0x00000000a1800000| Untracked 
|   9|0x00000000a1900000, 0x00000000a1900000, 0x00000000a1a00000|  0%| F|  |TAMS 0x00000000a1900000| PB 0x00000000a1900000| Untracked 
|  10|0x00000000a1a00000, 0x00000000a1a00000, 0x00000000a1b00000|  0%| F|  |TAMS 0x00000000a1a00000| PB 0x00000000a1a00000| Untracked 
|  11|0x00000000a1b00000, 0x00000000a1b00000, 0x00000000a1c00000|  0%| F|  |TAMS 0x00000000a1b00000| PB 0x00000000a1b00000| Untracked 
|  12|0x00000000a1c00000, 0x00000000a1c00000, 0x00000000a1d00000|  0%| F|  |TAMS 0x00000000a1c00000| PB 0x00000000a1c00000| Untracked 
|  13|0x00000000a1d00000, 0x00000000a1d00000, 0x00000000a1e00000|  0%| F|  |TAMS 0x00000000a1d00000| PB 0x00000000a1d00000| Untracked 
|  14|0x00000000a1e00000, 0x00000000a1e00000, 0x00000000a1f00000|  0%| F|  |TAMS 0x00000000a1e00000| PB 0x00000000a1e00000| Untracked 
|  15|0x00000000a1f00000, 0x00000000a1f00000, 0x00000000a2000000|  0%| F|  |TAMS 0x00000000a1f00000| PB 0x00000000a1f00000| Untracked 
|  16|0x00000000a2000000, 0x00000000a2000000, 0x00000000a2100000|  0%| F|  |TAMS 0x00000000a2000000| PB 0x00000000a2000000| Untracked 
|  17|0x00000000a2100000, 0x00000000a2100000, 0x00000000a2200000|  0%| F|  |TAMS 0x00000000a2100000| PB 0x00000000a2100000| Untracked 
|  18|0x00000000a2200000, 0x00000000a2200000, 0x00000000a2300000|  0%| F|  |TAMS 0x00000000a2200000| PB 0x00000000a2200000| Untracked 
|  19|0x00000000a2300000, 0x00000000a2300000, 0x00000000a2400000|  0%| F|  |TAMS 0x00000000a2300000| PB 0x00000000a2300000| Untracked 
|  20|0x00000000a2400000, 0x00000000a2400000, 0x00000000a2500000|  0%| F|  |TAMS 0x00000000a2400000| PB 0x00000000a2400000| Untracked 
|  21|0x00000000a2500000, 0x00000000a2500000, 0x00000000a2600000|  0%| F|  |TAMS 0x00000000a2500000| PB 0x00000000a2500000| Untracked 
|  22|0x00000000a2600000, 0x00000000a2600000, 0x00000000a2700000|  0%| F|  |TAMS 0x00000000a2600000| PB 0x00000000a2600000| Untracked 
|  23|0x00000000a2700000, 0x00000000a2700000, 0x00000000a2800000|  0%| F|  |TAMS 0x00000000a2700000| PB 0x00000000a2700000| Untracked 
|  24|0x00000000a2800000, 0x00000000a2800000, 0x00000000a2900000|  0%| F|  |TAMS 0x00000000a2800000| PB 0x00000000a2800000| Untracked 
|  25|0x00000000a2900000, 0x00000000a2900000, 0x00000000a2a00000|  0%| F|  |TAMS 0x00000000a2900000| PB 0x00000000a2900000| Untracked 
|  26|0x00000000a2a00000, 0x00000000a2a00000, 0x00000000a2b00000|  0%| F|  |TAMS 0x00000000a2a00000| PB 0x00000000a2a00000| Untracked 
|  27|0x00000000a2b00000, 0x00000000a2b00000, 0x00000000a2c00000|  0%| F|  |TAMS 0x00000000a2b00000| PB 0x00000000a2b00000| Untracked 
|  28|0x00000000a2c00000, 0x00000000a2c00000, 0x00000000a2d00000|  0%| F|  |TAMS 0x00000000a2c00000| PB 0x00000000a2c00000| Untracked 
|  29|0x00000000a2d00000, 0x00000000a2d00000, 0x00000000a2e00000|  0%| F|  |TAMS 0x00000000a2d00000| PB 0x00000000a2d00000| Untracked 
|  30|0x00000000a2e00000, 0x00000000a2e00000, 0x00000000a2f00000|  0%| F|  |TAMS 0x00000000a2e00000| PB 0x00000000a2e00000| Untracked 
|  31|0x00000000a2f00000, 0x00000000a2f00000, 0x00000000a3000000|  0%| F|  |TAMS 0x00000000a2f00000| PB 0x00000000a2f00000| Untracked 
|  32|0x00000000a3000000, 0x00000000a3000000, 0x00000000a3100000|  0%| F|  |TAMS 0x00000000a3000000| PB 0x00000000a3000000| Untracked 
|  33|0x00000000a3100000, 0x00000000a3100000, 0x00000000a3200000|  0%| F|  |TAMS 0x00000000a3100000| PB 0x00000000a3100000| Untracked 
|  34|0x00000000a3200000, 0x00000000a3200000, 0x00000000a3300000|  0%| F|  |TAMS 0x00000000a3200000| PB 0x00000000a3200000| Untracked 
|  35|0x00000000a3300000, 0x00000000a3300000, 0x00000000a3400000|  0%| F|  |TAMS 0x00000000a3300000| PB 0x00000000a3300000| Untracked 
|  36|0x00000000a3400000, 0x00000000a3400000, 0x00000000a3500000|  0%| F|  |TAMS 0x00000000a3400000| PB 0x00000000a3400000| Untracked 
|  37|0x00000000a3500000, 0x00000000a3500000, 0x00000000a3600000|  0%| F|  |TAMS 0x00000000a3500000| PB 0x00000000a3500000| Untracked 
|  38|0x00000000a3600000, 0x00000000a3600000, 0x00000000a3700000|  0%| F|  |TAMS 0x00000000a3600000| PB 0x00000000a3600000| Untracked 
|  39|0x00000000a3700000, 0x00000000a3700000, 0x00000000a3800000|  0%| F|  |TAMS 0x00000000a3700000| PB 0x00000000a3700000| Untracked 
|  40|0x00000000a3800000, 0x00000000a3800000, 0x00000000a3900000|  0%| F|  |TAMS 0x00000000a3800000| PB 0x00000000a3800000| Untracked 
|  41|0x00000000a3900000, 0x00000000a3900000, 0x00000000a3a00000|  0%| F|  |TAMS 0x00000000a3900000| PB 0x00000000a3900000| Untracked 
|  42|0x00000000a3a00000, 0x00000000a3a00000, 0x00000000a3b00000|  0%| F|  |TAMS 0x00000000a3a00000| PB 0x00000000a3a00000| Untracked 
|  43|0x00000000a3b00000, 0x00000000a3b00000, 0x00000000a3c00000|  0%| F|  |TAMS 0x00000000a3b00000| PB 0x00000000a3b00000| Untracked 
|  44|0x00000000a3c00000, 0x00000000a3c00000, 0x00000000a3d00000|  0%| F|  |TAMS 0x00000000a3c00000| PB 0x00000000a3c00000| Untracked 
|  45|0x00000000a3d00000, 0x00000000a3d00000, 0x00000000a3e00000|  0%| F|  |TAMS 0x00000000a3d00000| PB 0x00000000a3d00000| Untracked 
|  46|0x00000000a3e00000, 0x00000000a3e00000, 0x00000000a3f00000|  0%| F|  |TAMS 0x00000000a3e00000| PB 0x00000000a3e00000| Untracked 
|  47|0x00000000a3f00000, 0x00000000a3f00000, 0x00000000a4000000|  0%| F|  |TAMS 0x00000000a3f00000| PB 0x00000000a3f00000| Untracked 
|  48|0x00000000a4000000, 0x00000000a4000000, 0x00000000a4100000|  0%| F|  |TAMS 0x00000000a4000000| PB 0x00000000a4000000| Untracked 
|  49|0x00000000a4100000, 0x00000000a4100000, 0x00000000a4200000|  0%| F|  |TAMS 0x00000000a4100000| PB 0x00000000a4100000| Untracked 
|  50|0x00000000a4200000, 0x00000000a4200000, 0x00000000a4300000|  0%| F|  |TAMS 0x00000000a4200000| PB 0x00000000a4200000| Untracked 
|  51|0x00000000a4300000, 0x00000000a4300000, 0x00000000a4400000|  0%| F|  |TAMS 0x00000000a4300000| PB 0x00000000a4300000| Untracked 
|  52|0x00000000a4400000, 0x00000000a4400000, 0x00000000a4500000|  0%| F|  |TAMS 0x00000000a4400000| PB 0x00000000a4400000| Untracked 
|  53|0x00000000a4500000, 0x00000000a4500000, 0x00000000a4600000|  0%| F|  |TAMS 0x00000000a4500000| PB 0x00000000a4500000| Untracked 
|  54|0x00000000a4600000, 0x00000000a4600000, 0x00000000a4700000|  0%| F|  |TAMS 0x00000000a4600000| PB 0x00000000a4600000| Untracked 
|  55|0x00000000a4700000, 0x00000000a4700000, 0x00000000a4800000|  0%| F|  |TAMS 0x00000000a4700000| PB 0x00000000a4700000| Untracked 
|  56|0x00000000a4800000, 0x00000000a4800000, 0x00000000a4900000|  0%| F|  |TAMS 0x00000000a4800000| PB 0x00000000a4800000| Untracked 
|  57|0x00000000a4900000, 0x00000000a4900000, 0x00000000a4a00000|  0%| F|  |TAMS 0x00000000a4900000| PB 0x00000000a4900000| Untracked 
|  58|0x00000000a4a00000, 0x00000000a4a00000, 0x00000000a4b00000|  0%| F|  |TAMS 0x00000000a4a00000| PB 0x00000000a4a00000| Untracked 
|  59|0x00000000a4b00000, 0x00000000a4b00000, 0x00000000a4c00000|  0%| F|  |TAMS 0x00000000a4b00000| PB 0x00000000a4b00000| Untracked 
|  60|0x00000000a4c00000, 0x00000000a4c00000, 0x00000000a4d00000|  0%| F|  |TAMS 0x00000000a4c00000| PB 0x00000000a4c00000| Untracked 
|  61|0x00000000a4d00000, 0x00000000a4d00000, 0x00000000a4e00000|  0%| F|  |TAMS 0x00000000a4d00000| PB 0x00000000a4d00000| Untracked 
|  62|0x00000000a4e00000, 0x00000000a4e00000, 0x00000000a4f00000|  0%| F|  |TAMS 0x00000000a4e00000| PB 0x00000000a4e00000| Untracked 
|  63|0x00000000a4f00000, 0x00000000a4f00000, 0x00000000a5000000|  0%| F|  |TAMS 0x00000000a4f00000| PB 0x00000000a4f00000| Untracked 
|  64|0x00000000a5000000, 0x00000000a5000000, 0x00000000a5100000|  0%| F|  |TAMS 0x00000000a5000000| PB 0x00000000a5000000| Untracked 
|  65|0x00000000a5100000, 0x00000000a5100000, 0x00000000a5200000|  0%| F|  |TAMS 0x00000000a5100000| PB 0x00000000a5100000| Untracked 
|  66|0x00000000a5200000, 0x00000000a5200000, 0x00000000a5300000|  0%| F|  |TAMS 0x00000000a5200000| PB 0x00000000a5200000| Untracked 
|  67|0x00000000a5300000, 0x00000000a5300000, 0x00000000a5400000|  0%| F|  |TAMS 0x00000000a5300000| PB 0x00000000a5300000| Untracked 
|  68|0x00000000a5400000, 0x00000000a5400000, 0x00000000a5500000|  0%| F|  |TAMS 0x00000000a5400000| PB 0x00000000a5400000| Untracked 
|  69|0x00000000a5500000, 0x00000000a5500000, 0x00000000a5600000|  0%| F|  |TAMS 0x00000000a5500000| PB 0x00000000a5500000| Untracked 
|  70|0x00000000a5600000, 0x00000000a5600000, 0x00000000a5700000|  0%| F|  |TAMS 0x00000000a5600000| PB 0x00000000a5600000| Untracked 
|  71|0x00000000a5700000, 0x00000000a5700000, 0x00000000a5800000|  0%| F|  |TAMS 0x00000000a5700000| PB 0x00000000a5700000| Untracked 
|  72|0x00000000a5800000, 0x00000000a5800000, 0x00000000a5900000|  0%| F|  |TAMS 0x00000000a5800000| PB 0x00000000a5800000| Untracked 
|  73|0x00000000a5900000, 0x00000000a5900000, 0x00000000a5a00000|  0%| F|  |TAMS 0x00000000a5900000| PB 0x00000000a5900000| Untracked 
|  74|0x00000000a5a00000, 0x00000000a5a00000, 0x00000000a5b00000|  0%| F|  |TAMS 0x00000000a5a00000| PB 0x00000000a5a00000| Untracked 
|  75|0x00000000a5b00000, 0x00000000a5b00000, 0x00000000a5c00000|  0%| F|  |TAMS 0x00000000a5b00000| PB 0x00000000a5b00000| Untracked 
|  76|0x00000000a5c00000, 0x00000000a5c00000, 0x00000000a5d00000|  0%| F|  |TAMS 0x00000000a5c00000| PB 0x00000000a5c00000| Untracked 
|  77|0x00000000a5d00000, 0x00000000a5d00000, 0x00000000a5e00000|  0%| F|  |TAMS 0x00000000a5d00000| PB 0x00000000a5d00000| Untracked 
|  78|0x00000000a5e00000, 0x00000000a5e00000, 0x00000000a5f00000|  0%| F|  |TAMS 0x00000000a5e00000| PB 0x00000000a5e00000| Untracked 
|  79|0x00000000a5f00000, 0x00000000a5f00000, 0x00000000a6000000|  0%| F|  |TAMS 0x00000000a5f00000| PB 0x00000000a5f00000| Untracked 
|  80|0x00000000a6000000, 0x00000000a6000000, 0x00000000a6100000|  0%| F|  |TAMS 0x00000000a6000000| PB 0x00000000a6000000| Untracked 
|  81|0x00000000a6100000, 0x00000000a6100000, 0x00000000a6200000|  0%| F|  |TAMS 0x00000000a6100000| PB 0x00000000a6100000| Untracked 
|  82|0x00000000a6200000, 0x00000000a6200000, 0x00000000a6300000|  0%| F|  |TAMS 0x00000000a6200000| PB 0x00000000a6200000| Untracked 
|  83|0x00000000a6300000, 0x00000000a631bce0, 0x00000000a6400000| 10%| S|CS|TAMS 0x00000000a6300000| PB 0x00000000a6300000| Complete 
|  84|0x00000000a6400000, 0x00000000a6500000, 0x00000000a6500000|100%| S|CS|TAMS 0x00000000a6400000| PB 0x00000000a6400000| Complete 
|  85|0x00000000a6500000, 0x00000000a6500000, 0x00000000a6600000|  0%| F|  |TAMS 0x00000000a6500000| PB 0x00000000a6500000| Untracked 
|  86|0x00000000a6600000, 0x00000000a66347c8, 0x00000000a6700000| 20%| E|  |TAMS 0x00000000a6600000| PB 0x00000000a6600000| Complete 
|  87|0x00000000a6700000, 0x00000000a6800000, 0x00000000a6800000|100%| E|CS|TAMS 0x00000000a6700000| PB 0x00000000a6700000| Complete 
|  88|0x00000000a6800000, 0x00000000a6900000, 0x00000000a6900000|100%| E|CS|TAMS 0x00000000a6800000| PB 0x00000000a6800000| Complete 
|  89|0x00000000a6900000, 0x00000000a6a00000, 0x00000000a6a00000|100%| E|CS|TAMS 0x00000000a6900000| PB 0x00000000a6900000| Complete 
|  90|0x00000000a6a00000, 0x00000000a6b00000, 0x00000000a6b00000|100%| E|CS|TAMS 0x00000000a6a00000| PB 0x00000000a6a00000| Complete 
|  91|0x00000000a6b00000, 0x00000000a6c00000, 0x00000000a6c00000|100%| E|CS|TAMS 0x00000000a6b00000| PB 0x00000000a6b00000| Complete 
|  92|0x00000000a6c00000, 0x00000000a6d00000, 0x00000000a6d00000|100%| E|CS|TAMS 0x00000000a6c00000| PB 0x00000000a6c00000| Complete 
|  93|0x00000000a6d00000, 0x00000000a6e00000, 0x00000000a6e00000|100%| E|CS|TAMS 0x00000000a6d00000| PB 0x00000000a6d00000| Complete 
|  94|0x00000000a6e00000, 0x00000000a6f00000, 0x00000000a6f00000|100%| E|CS|TAMS 0x00000000a6e00000| PB 0x00000000a6e00000| Complete 
|  95|0x00000000a6f00000, 0x00000000a7000000, 0x00000000a7000000|100%| E|CS|TAMS 0x00000000a6f00000| PB 0x00000000a6f00000| Complete 

Card table byte_map: [0x0000011c7bb00000,0x0000011c7be00000] _byte_map_base: 0x0000011c7b5f8000

Marking Bits: (CMBitMap*) 0x0000011c76a2cef0
 Bits: [0x0000011c7be00000, 0x0000011c7d5c0000)

Polling page: 0x0000011c76910000

Metaspace:

Usage:
  Non-class:      8.47 MB used.
      Class:      1.25 MB used.
       Both:      9.72 MB used.

Virtual space:
  Non-class space:       64.00 MB reserved,       8.62 MB ( 13%) committed,  1 nodes.
      Class space:        1.00 GB reserved,       1.38 MB ( <1%) committed,  1 nodes.
             Both:        1.06 GB reserved,      10.00 MB ( <1%) committed. 

Chunk freelists:
   Non-Class:  7.17 MB
       Class:  14.66 MB
        Both:  21.83 MB

MaxMetaspaceSize: unlimited
CompressedClassSpaceSize: 1.00 GB
Initial GC threshold: 21.00 MB
Current GC threshold: 21.00 MB
CDS: on
 - commit_granule_bytes: 65536.
 - commit_granule_words: 8192.
 - virtual_space_node_default_size: 8388608.
 - enlarge_chunks_in_place: 1.
 - use_allocation_guard: 0.


Internal statistics:

num_allocs_failed_limit: 0.
num_arena_births: 264.
num_arena_deaths: 0.
num_vsnodes_births: 2.
num_vsnodes_deaths: 0.
num_space_committed: 160.
num_space_uncommitted: 0.
num_chunks_returned_to_freelist: 0.
num_chunks_taken_from_freelist: 474.
num_chunk_merges: 0.
num_chunk_splits: 307.
num_chunks_enlarged: 199.
num_inconsistent_stats: 0.

CodeCache: size=49152Kb used=5026Kb max_used=5026Kb free=44125Kb
 bounds [0x0000011c78b00000, 0x0000011c78ff0000, 0x0000011c7bb00000]
 total_blobs=2299 nmethods=1813 adapters=408
 compilation: enabled
              stopped_count=0, restarted_count=0
 full_count=0

Compilation events (20 events):
Event: 18.549 Thread 0x0000011c7fb70230 nmethod 1658 0x0000011c78fb7610 code [0x0000011c78fb77c0, 0x0000011c78fb78b0]
Event: 18.549 Thread 0x0000011c4e1f3110 nmethod 1659 0x0000011c78fb7910 code [0x0000011c78fb7ac0, 0x0000011c78fb7c60]
Event: 18.549 Thread 0x0000011c4e1f3110 1660       1       org.springframework.boot.context.properties.source.ConfigurationPropertyName::<init> (21 bytes)
Event: 18.549 Thread 0x0000011c7fb70230 1661       1       org.springframework.boot.context.properties.source.ConfigurationPropertyName$Elements::get (49 bytes)
Event: 18.549 Thread 0x0000011c4e1f3110 nmethod 1660 0x0000011c78fb7d90 code [0x0000011c78fb7f40, 0x0000011c78fb8158]
Event: 18.549 Thread 0x0000011c7fb70230 nmethod 1661 0x0000011c78fb8210 code [0x0000011c78fb83c0, 0x0000011c78fb8580]
Event: 18.550 Thread 0x0000011c4e1f3110 1662       1       org.springframework.boot.context.properties.source.ConfigurationPropertyName::getElement (161 bytes)
Event: 18.550 Thread 0x0000011c7fb70230 1663       1       java.lang.Module::isStaticallyExportedOrOpen (70 bytes)
Event: 18.550 Thread 0x0000011c7fb70230 nmethod 1663 0x0000011c78fb8710 code [0x0000011c78fb8900, 0x0000011c78fb8bd8]
Event: 18.550 Thread 0x0000011c4e1f3110 nmethod 1662 0x0000011c78fb8d10 code [0x0000011c78fb8fc0, 0x0000011c78fb9658]
Event: 18.551 Thread 0x0000011c7fb70230 1664       1       java.util.ImmutableCollections$Set12::<init> (53 bytes)
Event: 18.551 Thread 0x0000011c7fb70230 nmethod 1664 0x0000011c78fb9d10 code [0x0000011c78fb9f40, 0x0000011c78fba458]
Event: 18.554 Thread 0x0000011c7fb70230 1666       1       java.lang.invoke.MethodHandles$Lookup::findBoundCallerLookup (30 bytes)
Event: 18.554 Thread 0x0000011c4e1f3110 1667       1       java.lang.invoke.MethodHandles$Lookup::getDirectMethodCommon (300 bytes)
Event: 18.555 Thread 0x0000011c7fb70230 nmethod 1666 0x0000011c78fba690 code [0x0000011c78fba840, 0x0000011c78fbaaa0]
Event: 18.555 Thread 0x0000011c7fb70230 1668       1       java.lang.invoke.MethodHandles$Lookup::checkMethod (87 bytes)
Event: 18.555 Thread 0x0000011c7fb70230 nmethod 1668 0x0000011c78fbab90 code [0x0000011c78fbad40, 0x0000011c78fbaf28]
Event: 18.555 Thread 0x0000011c7fb70230 1669       1       java.lang.invoke.MethodHandles$Lookup::maybeBindCaller (72 bytes)
Event: 18.556 Thread 0x0000011c4e1f3110 nmethod 1667 0x0000011c78fbb010 code [0x0000011c78fbb2c0, 0x0000011c78fbbae0]
Event: 18.556 Thread 0x0000011c7fb70230 nmethod 1669 0x0000011c78fbbf90 code [0x0000011c78fbc160, 0x0000011c78fbc438]

GC Heap History (4 events):
Event: 15.915 GC heap before
{Heap before GC invocations=0 (full 0):
 garbage-first heap   total 98304K, used 14336K [0x00000000a1000000, 0x0000000100000000)
  region size 1024K, 13 young (13312K), 0 survivors (0K)
 Metaspace       used 3580K, committed 3712K, reserved 1114112K
  class space    used 405K, committed 448K, reserved 1048576K
}
Event: 15.924 GC heap after
{Heap after GC invocations=1 (full 0):
 garbage-first heap   total 98304K, used 6984K [0x00000000a1000000, 0x0000000100000000)
  region size 1024K, 2 young (2048K), 2 survivors (2048K)
 Metaspace       used 3580K, committed 3712K, reserved 1114112K
  class space    used 405K, committed 448K, reserved 1048576K
}
Event: 18.062 GC heap before
{Heap before GC invocations=1 (full 0):
 garbage-first heap   total 98304K, used 18248K [0x00000000a1000000, 0x0000000100000000)
  region size 1024K, 13 young (13312K), 2 survivors (2048K)
 Metaspace       used 7803K, committed 8000K, reserved 1114112K
  class space    used 948K, committed 1024K, reserved 1048576K
}
Event: 18.067 GC heap after
{Heap after GC invocations=2 (full 0):
 garbage-first heap   total 98304K, used 7872K [0x00000000a1000000, 0x0000000100000000)
  region size 1024K, 2 young (2048K), 2 survivors (2048K)
 Metaspace       used 7803K, committed 8000K, reserved 1114112K
  class space    used 948K, committed 1024K, reserved 1048576K
}

Dll operation events (11 events):
Event: 0.094 Loaded shared library C:\Users\nesta\.jdks\openjdk-21.0.1\bin\java.dll
Event: 0.355 Loaded shared library C:\Users\nesta\.jdks\openjdk-21.0.1\bin\zip.dll
Event: 0.482 Loaded shared library C:\Users\nesta\.jdks\openjdk-21.0.1\bin\instrument.dll
Event: 0.523 Loaded shared library C:\Users\nesta\.jdks\openjdk-21.0.1\bin\net.dll
Event: 0.525 Loaded shared library C:\Users\nesta\.jdks\openjdk-21.0.1\bin\nio.dll
Event: 1.112 Loaded shared library C:\Users\nesta\.jdks\openjdk-21.0.1\bin\zip.dll
Event: 10.086 Loaded shared library C:\Users\nesta\.jdks\openjdk-21.0.1\bin\jimage.dll
Event: 12.549 Loaded shared library C:\Program Files\JetBrains\IntelliJ IDEA 2023.2.5\bin\breakgen64.dll
Event: 12.749 Loaded shared library C:\Users\nesta\.jdks\openjdk-21.0.1\bin\extnet.dll
Event: 13.095 Loaded shared library C:\Users\nesta\.jdks\openjdk-21.0.1\bin\management.dll
Event: 13.759 Loaded shared library C:\Users\nesta\.jdks\openjdk-21.0.1\bin\management_ext.dll

Deoptimization events (4 events):
Event: 15.886 Thread 0x0000011c7696a080 DEOPT PACKING pc=0x0000011c78d91a5d sp=0x0000001bd03fd5c0
Event: 15.886 Thread 0x0000011c7696a080 DEOPT UNPACKING pc=0x0000011c78b54e42 sp=0x0000001bd03fca70 mode 3
Event: 15.909 Thread 0x0000011c7696a080 DEOPT PACKING pc=0x0000011c78d78f60 sp=0x0000001bd03fd4c0
Event: 15.909 Thread 0x0000011c7696a080 DEOPT UNPACKING pc=0x0000011c78b54e42 sp=0x0000001bd03fc978 mode 3

Classes loaded (20 events):
Event: 18.511 Loading class java/util/function/UnaryOperator done
Event: 18.511 Loading class java/util/ConcurrentModificationException
Event: 18.511 Loading class java/util/ConcurrentModificationException done
Event: 18.519 Loading class java/lang/ProcessEnvironment$CheckedKeySet
Event: 18.519 Loading class java/lang/ProcessEnvironment$CheckedKeySet done
Event: 18.520 Loading class java/util/stream/MatchOps$MatchKind
Event: 18.520 Loading class java/util/stream/MatchOps$MatchKind done
Event: 18.520 Loading class java/util/stream/MatchOps
Event: 18.520 Loading class java/util/stream/MatchOps done
Event: 18.520 Loading class java/util/stream/MatchOps$MatchOp
Event: 18.520 Loading class java/util/stream/MatchOps$MatchOp done
Event: 18.520 Loading class java/util/stream/MatchOps$BooleanTerminalSink
Event: 18.520 Loading class java/util/stream/MatchOps$BooleanTerminalSink done
Event: 18.521 Loading class java/util/stream/MatchOps$2MatchSink
Event: 18.521 Loading class java/util/stream/MatchOps$2MatchSink done
Event: 18.536 Loading class java/beans/PropertyEditorSupport
Event: 18.536 Loading class java/beans/PropertyEditor
Event: 18.536 Loading class java/beans/PropertyEditor done
Event: 18.536 Loading class java/beans/PropertyEditorSupport done
Event: 18.559 Loading class java/util/regex/Pattern$Neg

Classes unloaded (0 events):
No events

Classes redefined (0 events):
No events

Internal exceptions (20 events):
Event: 16.671 Thread 0x0000011c7696a080 Exception <a 'java/lang/ClassNotFoundException'{0x00000000a6d63820}: javax/management/remote/rmi/RMIServerImpl_Skel> (0x00000000a6d63820) 
thrown [s\open\src\hotspot\share\classfile\systemDictionary.cpp, line 312]
Event: 16.683 Thread 0x0000011c7696a080 Exception <a 'java/lang/NoSuchMethodError'{0x00000000a6d7e960}: 'long java.lang.invoke.DirectMethodHandle$Holder.invokeSpecial(java.lang.Object, java.lang.Object)'> (0x00000000a6d7e960) 
thrown [s\open\src\hotspot\share\interpreter\linkResolver.cpp, line 773]
Event: 16.683 Thread 0x0000011c7696a080 Exception <a 'java/lang/NoSuchMethodError'{0x00000000a6d82028}: 'long java.lang.invoke.Invokers$Holder.invokeExact_MT(java.lang.Object, java.lang.Object)'> (0x00000000a6d82028) 
thrown [s\open\src\hotspot\share\interpreter\linkResolver.cpp, line 773]
Event: 16.690 Thread 0x0000011c7696a080 Exception <a 'java/lang/NoSuchMethodError'{0x00000000a6da6628}: 'void java.lang.invoke.DirectMethodHandle$Holder.invokeSpecial(java.lang.Object, java.lang.Object, java.lang.Object)'> (0x00000000a6da6628) 
thrown [s\open\src\hotspot\share\interpreter\linkResolver.cpp, line 773]
Event: 16.980 Thread 0x0000011c7696a080 Exception <a 'java/lang/NoSuchMethodError'{0x00000000a6baa118}: 'java.lang.Object java.lang.invoke.DirectMethodHandle$Holder.invokeSpecial(java.lang.Object, java.lang.Object, java.lang.Object, long, java.lang.Object)'> (0x00000000a6baa118) 
thrown [s\open\src\hotspot\share\interpreter\linkResolver.cpp, line 773]
Event: 16.980 Thread 0x0000011c7696a080 Exception <a 'java/lang/NoSuchMethodError'{0x00000000a6bada68}: 'java.lang.Object java.lang.invoke.Invokers$Holder.linkToTargetMethod(java.lang.Object, long, java.lang.Object, java.lang.Object)'> (0x00000000a6bada68) 
thrown [s\open\src\hotspot\share\interpreter\linkResolver.cpp, line 773]
Event: 17.401 Thread 0x0000011c7696a080 Exception <a 'java/lang/ClassNotFoundException'{0x00000000a6bd3660}: javax/smartcardio/CardPermission> (0x00000000a6bd3660) 
thrown [s\open\src\hotspot\share\classfile\systemDictionary.cpp, line 312]
Event: 17.426 Thread 0x0000011c7696a080 Exception <a 'java/io/FileNotFoundException'{0x00000000a6be1b20}> (0x00000000a6be1b20) 
thrown [s\open\src\hotspot\share\prims\jni.cpp, line 520]
Event: 17.601 Thread 0x0000011c7696a080 Exception <a 'java/lang/NoSuchMethodError'{0x00000000a69416b0}: 'void java.lang.invoke.DirectMethodHandle$Holder.invokeStatic(java.lang.Object, java.lang.Object, java.lang.Object, java.lang.Object)'> (0x00000000a69416b0) 
thrown [s\open\src\hotspot\share\interpreter\linkResolver.cpp, line 773]
Event: 17.753 Thread 0x0000011c7696a080 Exception <a 'java/lang/NoSuchMethodError'{0x00000000a68547e0}: 'int java.lang.invoke.DirectMethodHandle$Holder.invokeStaticInit(java.lang.Object, java.lang.Object)'> (0x00000000a68547e0) 
thrown [s\open\src\hotspot\share\interpreter\linkResolver.cpp, line 773]
Event: 17.765 Thread 0x0000011c7696a080 Exception <a 'java/lang/NoSuchMethodError'{0x00000000a6892730}: 'void java.lang.invoke.DirectMethodHandle$Holder.invokeInterface(java.lang.Object, java.lang.Object, java.lang.Object, java.lang.Object)'> (0x00000000a6892730) 
thrown [s\open\src\hotspot\share\interpreter\linkResolver.cpp, line 773]
Event: 17.965 Thread 0x0000011c7696a080 Exception <a 'java/lang/NoSuchMethodError'{0x00000000a661f468}: 'java.lang.Object java.lang.invoke.DirectMethodHandle$Holder.invokeInterface(java.lang.Object, java.lang.Object)'> (0x00000000a661f468) 
thrown [s\open\src\hotspot\share\interpreter\linkResolver.cpp, line 773]
Event: 17.971 Thread 0x0000011c7696a080 Exception <a 'java/lang/NoSuchMethodError'{0x00000000a6667d28}: 'java.lang.Object java.lang.invoke.DirectMethodHandle$Holder.invokeSpecialIFC(java.lang.Object, java.lang.Object, java.lang.Object, java.lang.Object)'> (0x00000000a6667d28) 
thrown [s\open\src\hotspot\share\interpreter\linkResolver.cpp, line 773]
Event: 17.974 Thread 0x0000011c7696a080 Exception <a 'java/lang/NoSuchMethodError'{0x00000000a6682378}: 'java.lang.Object java.lang.invoke.DirectMethodHandle$Holder.invokeInterface(java.lang.Object, java.lang.Object, java.lang.Object)'> (0x00000000a6682378) 
thrown [s\open\src\hotspot\share\interpreter\linkResolver.cpp, line 773]
Event: 17.995 Thread 0x0000011c7696a080 Exception <a 'java/lang/NoSuchMethodError'{0x00000000a653eda0}: 'int java.lang.invoke.DirectMethodHandle$Holder.invokeStaticInit(java.lang.Object, java.lang.Object, java.lang.Object)'> (0x00000000a653eda0) 
thrown [s\open\src\hotspot\share\interpreter\linkResolver.cpp, line 773]
Event: 18.015 Thread 0x0000011c7696a080 Exception <a 'java/lang/NoSuchMethodError'{0x00000000a65987c0}: 'java.lang.Object java.lang.invoke.DirectMethodHandle$Holder.newInvokeSpecial(java.lang.Object, java.lang.Object, java.lang.Object, java.lang.Object, java.lang.Object)'> (0x00000000a65987c0) 
thrown [s\open\src\hotspot\share\interpreter\linkResolver.cpp, line 773]
Event: 18.076 Thread 0x0000011c7696a080 Exception <a 'java/lang/IncompatibleClassChangeError'{0x00000000a6f72fa8}: Found class java.lang.Object, but interface was expected> (0x00000000a6f72fa8) 
thrown [s\open\src\hotspot\share\interpreter\linkResolver.cpp, line 840]
Event: 18.121 Thread 0x0000011c7696a080 Exception <a 'sun/nio/fs/WindowsException'{0x00000000a6e20e28}> (0x00000000a6e20e28) 
thrown [s\open\src\hotspot\share\prims\jni.cpp, line 520]
Event: 18.551 Thread 0x0000011c7696a080 Exception <a 'java/lang/NoSuchMethodError'{0x00000000a6aac9d8}: 'java.lang.Object java.lang.invoke.DirectMethodHandle$Holder.newInvokeSpecial(java.lang.Object, java.lang.Object, java.lang.Object, java.lang.Object, java.lang.Object, java.lang.Object, java.lang.Object)'> (0x00000000a6aac9d8) 
thrown [s\open\src\hotspot\share\interpreter\linkResolver.cpp, line 773]
Event: 18.557 Thread 0x0000011c7696a080 Exception <a 'java/lang/NoSuchMethodError'{0x00000000a6aeb700}: 'int java.lang.invoke.DirectMethodHandle$Holder.invokeStatic(java.lang.Object, java.lang.Object, java.lang.Object, java.lang.Object)'> (0x00000000a6aeb700) 
thrown [s\open\src\hotspot\share\interpreter\linkResolver.cpp, line 773]

ZGC Phase Switch (0 events):
No events

VM Operations (20 events):
Event: 15.915 Executing VM operation: G1CollectForAllocation (G1 Evacuation Pause)
Event: 15.924 Executing VM operation: G1CollectForAllocation (G1 Evacuation Pause) done
Event: 16.583 Executing VM operation: HandshakeAllThreads (Deoptimize)
Event: 16.583 Executing VM operation: HandshakeAllThreads (Deoptimize) done
Event: 16.669 Executing VM operation: HandshakeAllThreads (Deoptimize)
Event: 16.669 Executing VM operation: HandshakeAllThreads (Deoptimize) done
Event: 16.757 Executing VM operation: HandshakeAllThreads (Deoptimize)
Event: 16.757 Executing VM operation: HandshakeAllThreads (Deoptimize) done
Event: 16.933 Executing VM operation: HandshakeAllThreads (Deoptimize)
Event: 16.933 Executing VM operation: HandshakeAllThreads (Deoptimize) done
Event: 16.933 Executing VM operation: Cleanup
Event: 16.933 Executing VM operation: Cleanup done
Event: 16.938 Executing VM operation: HandshakeAllThreads (Deoptimize)
Event: 16.938 Executing VM operation: HandshakeAllThreads (Deoptimize) done
Event: 17.946 Executing VM operation: Cleanup
Event: 17.947 Executing VM operation: Cleanup done
Event: 18.061 Executing VM operation: G1CollectForAllocation (G1 Evacuation Pause)
Event: 18.067 Executing VM operation: G1CollectForAllocation (G1 Evacuation Pause) done
Event: 18.141 Executing VM operation: HandshakeAllThreads (Deoptimize)
Event: 18.141 Executing VM operation: HandshakeAllThreads (Deoptimize) done

Events (18 events):
Event: 0.114 Thread 0x0000011c7696a080 Thread added: 0x0000011c7696a080
Event: 0.134 Thread 0x0000011c7fb59820 Thread added: 0x0000011c7fb59820
Event: 0.134 Thread 0x0000011c7fb5a740 Thread added: 0x0000011c7fb5a740
Event: 0.135 Thread 0x0000011c7fb5e980 Thread added: 0x0000011c7fb5e980
Event: 0.135 Thread 0x0000011c7fb60be0 Thread added: 0x0000011c7fb60be0
Event: 0.135 Thread 0x0000011c7fb61640 Thread added: 0x0000011c7fb61640
Event: 0.135 Thread 0x0000011c7fb642c0 Thread added: 0x0000011c7fb642c0
Event: 0.135 Thread 0x0000011c7fb70230 Thread added: 0x0000011c7fb70230
Event: 0.228 Thread 0x0000011c0850c300 Thread added: 0x0000011c0850c300
Event: 0.239 Thread 0x0000011c08513610 Thread added: 0x0000011c08513610
Event: 1.113 Thread 0x0000011c08513610 Thread exited: 0x0000011c08513610
Event: 10.002 Thread 0x0000011c0882eed0 Thread added: 0x0000011c0882eed0
Event: 10.002 Thread 0x0000011c0882f580 Thread added: 0x0000011c0882f580
Event: 11.658 Thread 0x0000011c0882f580 Thread exited: 0x0000011c0882f580
Event: 12.550 Thread 0x0000011c4e0e8680 Thread added: 0x0000011c4e0e8680
Event: 12.550 Thread 0x0000011c4e0e8cf0 Thread added: 0x0000011c4e0e8cf0
Event: 15.888 Thread 0x0000011c4e1f3110 Thread added: 0x0000011c4e1f3110
Event: 16.679 Thread 0x0000011c4e3e17c0 Thread added: 0x0000011c4e3e17c0


Dynamic libraries:
0x00007ff714300000 - 0x00007ff71430e000 	C:\Users\nesta\.jdks\openjdk-21.0.1\bin\java.exe
0x00007ff9f1d10000 - 0x00007ff9f1f08000 	C:\Windows\SYSTEM32\ntdll.dll
0x00007ff9f1760000 - 0x00007ff9f181d000 	C:\Windows\System32\KERNEL32.DLL
0x00007ff9ef620000 - 0x00007ff9ef916000 	C:\Windows\System32\KERNELBASE.dll
0x00007ff9efa10000 - 0x00007ff9efb10000 	C:\Windows\System32\ucrtbase.dll
0x00007ff9d4390000 - 0x00007ff9d43a8000 	C:\Users\nesta\.jdks\openjdk-21.0.1\bin\jli.dll
0x00007ff9d4a80000 - 0x00007ff9d4a9b000 	C:\Users\nesta\.jdks\openjdk-21.0.1\bin\VCRUNTIME140.dll
0x00007ff9efe90000 - 0x00007ff9f002e000 	C:\Windows\System32\USER32.dll
0x00007ff9ddc60000 - 0x00007ff9ddefa000 	C:\Windows\WinSxS\amd64_microsoft.windows.common-controls_6595b64144ccf1df_6.0.19041.3636_none_60b6a03d71f818d5\COMCTL32.dll
0x00007ff9ef3f0000 - 0x00007ff9ef412000 	C:\Windows\System32\win32u.dll
0x00007ff9f0f90000 - 0x00007ff9f102e000 	C:\Windows\System32\msvcrt.dll
0x00007ff9f0470000 - 0x00007ff9f049c000 	C:\Windows\System32\GDI32.dll
0x00007ff9efb10000 - 0x00007ff9efc2a000 	C:\Windows\System32\gdi32full.dll
0x00007ff9ef420000 - 0x00007ff9ef4bd000 	C:\Windows\System32\msvcp_win.dll
0x00007ff9f0030000 - 0x00007ff9f0060000 	C:\Windows\System32\IMM32.DLL
0x00007ff9e9780000 - 0x00007ff9e978c000 	C:\Users\nesta\.jdks\openjdk-21.0.1\bin\vcruntime140_1.dll
0x00007ff9c4140000 - 0x00007ff9c41ce000 	C:\Users\nesta\.jdks\openjdk-21.0.1\bin\msvcp140.dll
0x00007ff98dea0000 - 0x00007ff98ebb5000 	C:\Users\nesta\.jdks\openjdk-21.0.1\bin\server\jvm.dll
0x00007ff9f0060000 - 0x00007ff9f010f000 	C:\Windows\System32\ADVAPI32.dll
0x00007ff9f1c30000 - 0x00007ff9f1ccc000 	C:\Windows\System32\sechost.dll
0x00007ff9f1500000 - 0x00007ff9f1626000 	C:\Windows\System32\RPCRT4.dll
0x00007ff9f0ec0000 - 0x00007ff9f0f2b000 	C:\Windows\System32\WS2_32.dll
0x00007ff9ee9a0000 - 0x00007ff9ee9eb000 	C:\Windows\SYSTEM32\POWRPROF.dll
0x00007ff9dd9b0000 - 0x00007ff9dd9d7000 	C:\Windows\SYSTEM32\WINMM.dll
0x00007ff9e3f20000 - 0x00007ff9e3f2a000 	C:\Windows\SYSTEM32\VERSION.dll
0x00007ff9ee810000 - 0x00007ff9ee822000 	C:\Windows\SYSTEM32\UMPDC.dll
0x00007ff9ed2b0000 - 0x00007ff9ed2c2000 	C:\Windows\SYSTEM32\kernel.appcore.dll
0x00007ff9e8f60000 - 0x00007ff9e8f6a000 	C:\Users\nesta\.jdks\openjdk-21.0.1\bin\jimage.dll
0x00007ff9d2830000 - 0x00007ff9d2a14000 	C:\Windows\SYSTEM32\DBGHELP.DLL
0x00007ff9d31b0000 - 0x00007ff9d31e4000 	C:\Windows\SYSTEM32\dbgcore.DLL
0x00007ff9efce0000 - 0x00007ff9efd62000 	C:\Windows\System32\bcryptPrimitives.dll
0x00007ff9de8f0000 - 0x00007ff9de8ff000 	C:\Users\nesta\.jdks\openjdk-21.0.1\bin\instrument.dll
0x00007ff9d35d0000 - 0x00007ff9d35ef000 	C:\Users\nesta\.jdks\openjdk-21.0.1\bin\java.dll
0x00007ff9f04a0000 - 0x00007ff9f0be4000 	C:\Windows\System32\SHELL32.dll
0x00007ff9ed4b0000 - 0x00007ff9edc4b000 	C:\Windows\SYSTEM32\windows.storage.dll
0x00007ff9f18d0000 - 0x00007ff9f1c24000 	C:\Windows\System32\combase.dll
0x00007ff9eee30000 - 0x00007ff9eee5d000 	C:\Windows\SYSTEM32\Wldp.dll
0x00007ff9f0db0000 - 0x00007ff9f0e5d000 	C:\Windows\System32\SHCORE.dll
0x00007ff9f0e60000 - 0x00007ff9f0eb5000 	C:\Windows\System32\shlwapi.dll
0x00007ff9ef320000 - 0x00007ff9ef345000 	C:\Windows\SYSTEM32\profapi.dll
0x00007ff9d3060000 - 0x00007ff9d3078000 	C:\Users\nesta\.jdks\openjdk-21.0.1\bin\zip.dll
0x00007ff9e4a90000 - 0x00007ff9e4aa0000 	C:\Users\nesta\.jdks\openjdk-21.0.1\bin\net.dll
0x00007ff9e5430000 - 0x00007ff9e553a000 	C:\Windows\SYSTEM32\WINHTTP.dll
0x00007ff9eeb90000 - 0x00007ff9eebfa000 	C:\Windows\system32\mswsock.dll
0x00007ff9d3360000 - 0x00007ff9d3376000 	C:\Users\nesta\.jdks\openjdk-21.0.1\bin\nio.dll
0x00007ff9ccd80000 - 0x00007ff9ccd9a000 	C:\Program Files\JetBrains\IntelliJ IDEA 2023.2.5\bin\breakgen64.dll
0x00007ff9e4a60000 - 0x00007ff9e4a67000 	C:\Users\nesta\.jdks\openjdk-21.0.1\bin\extnet.dll
0x00007ff9ee870000 - 0x00007ff9ee93a000 	C:\Windows\SYSTEM32\DNSAPI.dll
0x00007ff9ee830000 - 0x00007ff9ee86b000 	C:\Windows\SYSTEM32\IPHLPAPI.DLL
0x00007ff9f02c0000 - 0x00007ff9f02c8000 	C:\Windows\System32\NSI.dll
0x00007ff9e3e70000 - 0x00007ff9e3e7a000 	C:\Windows\System32\rasadhlp.dll
0x00007ff9e4bc0000 - 0x00007ff9e4c40000 	C:\Windows\System32\fwpuclnt.dll
0x00007ff9ef9e0000 - 0x00007ff9efa07000 	C:\Windows\System32\bcrypt.dll
0x00007ff9e0470000 - 0x00007ff9e047a000 	C:\Users\nesta\.jdks\openjdk-21.0.1\bin\management.dll
0x00007ff9de9c0000 - 0x00007ff9de9cb000 	C:\Users\nesta\.jdks\openjdk-21.0.1\bin\management_ext.dll
0x00007ff9f0da0000 - 0x00007ff9f0da8000 	C:\Windows\System32\PSAPI.DLL
0x00007ff9eed90000 - 0x00007ff9eeda8000 	C:\Windows\SYSTEM32\CRYPTSP.dll
0x00007ff9ee450000 - 0x00007ff9ee484000 	C:\Windows\system32\rsaenh.dll
0x00007ff9ef2e0000 - 0x00007ff9ef30e000 	C:\Windows\SYSTEM32\USERENV.dll
0x00007ff9eed80000 - 0x00007ff9eed8c000 	C:\Windows\SYSTEM32\CRYPTBASE.dll
0x00007ff9d4ec0000 - 0x00007ff9d4ed7000 	C:\Windows\system32\napinsp.dll
0x00007ff9d4ea0000 - 0x00007ff9d4ebb000 	C:\Windows\system32\pnrpnsp.dll
0x00007ff9d4e80000 - 0x00007ff9d4e95000 	C:\Windows\system32\wshbth.dll
0x00007ff9eadf0000 - 0x00007ff9eae0d000 	C:\Windows\system32\NLAapi.dll
0x00007ff9d4e60000 - 0x00007ff9d4e72000 	C:\Windows\System32\winrnr.dll

dbghelp: loaded successfully - version: 4.0.5 - missing functions: none
symbol engine: initialized successfully - sym options: 0x614 - pdb path: .;C:\Users\nesta\.jdks\openjdk-21.0.1\bin;C:\Windows\SYSTEM32;C:\Windows\WinSxS\amd64_microsoft.windows.common-controls_6595b64144ccf1df_6.0.19041.3636_none_60b6a03d71f818d5;C:\Users\nesta\.jdks\openjdk-21.0.1\bin\server;C:\Program Files\JetBrains\IntelliJ IDEA 2023.2.5\bin

VM Arguments:
jvm_args: -XX:TieredStopAtLevel=1 -Dspring.output.ansi.enabled=always -Dcom.sun.management.jmxremote -Dspring.jmx.enabled=true -Dspring.liveBeansView.mbeanDomain -Dspring.application.admin.enabled=true -Dmanagement.endpoints.jmx.exposure.include=* -javaagent:C:\Program Files\JetBrains\IntelliJ IDEA 2023.2.5\lib\idea_rt.jar=50226:C:\Program Files\JetBrains\IntelliJ IDEA 2023.2.5\bin -Dfile.encoding=UTF-8 -Dsun.stdout.encoding=UTF-8 -Dsun.stderr.encoding=UTF-8 
java_command: com.banking.BankingApplication
java_class_path (initial): C:\Users\nesta\IdeaProjects\Banking\target\classes;C:\Users\nesta\.m2\repository\org\springframework\boot\spring-boot-starter-data-jpa\3.2.0\spring-boot-starter-data-jpa-3.2.0.jar;C:\Users\nesta\.m2\repository\org\springframework\boot\spring-boot-starter-aop\3.2.0\spring-boot-starter-aop-3.2.0.jar;C:\Users\nesta\.m2\repository\org\springframework\spring-aop\6.1.1\spring-aop-6.1.1.jar;C:\Users\nesta\.m2\repository\org\aspectj\aspectjweaver\1.9.20.1\aspectjweaver-1.9.20.1.jar;C:\Users\nesta\.m2\repository\org\springframework\boot\spring-boot-starter-jdbc\3.2.0\spring-boot-starter-jdbc-3.2.0.jar;C:\Users\nesta\.m2\repository\com\zaxxer\HikariCP\5.0.1\HikariCP-5.0.1.jar;C:\Users\nesta\.m2\repository\org\springframework\spring-jdbc\6.1.1\spring-jdbc-6.1.1.jar;C:\Users\nesta\.m2\repository\org\hibernate\orm\hibernate-core\6.3.1.Final\hibernate-core-6.3.1.Final.jar;C:\Users\nesta\.m2\repository\jakarta\persistence\jakarta.persistence-api\3.1.0\jakarta.persistence-api-3.1.0.jar;C:\Users\nesta\.m2\repository\jakarta\transaction\jakarta.transaction-api\2.0.1\jakarta.transaction-api-2.0.1.jar;C:\Users\nesta\.m2\repository\org\jboss\logging\jboss-logging\3.5.3.Final\jboss-logging-3.5.3.Final.jar;C:\Users\nesta\.m2\repository\org\hibernate\common\hibernate-commons-annotations\6.0.6.Final\hibernate-commons-annotations-6.0.6.Final.jar;C:\Users\nesta\.m2\repository\io\smallrye\jandex\3.1.2\jandex-3.1.2.jar;C:\Users\nesta\.m2\repository\com\fasterxml\classmate\1.6.0\classmate-1.6.0.jar;C:\Users\nesta\.m2\repository\net\bytebuddy\byte-buddy\1.14.10\byte-buddy-1.14.10.jar;C:\Users\nesta\.m2\repository\org\glassfish\jaxb\jaxb-runtime\4.0.4\jaxb-runtime-4.0.4.jar;C:\Users\nesta\.m2\repository\org\glassfish\jaxb\jaxb-core\4.0.4\jaxb-core-4.0.4.jar;C:\Users\nesta\.m2\repository\org\glassfish\jaxb\txw2\4.0.4\txw2-4.0.4.jar;C:\Users\nesta\.m2\repository\com\sun\istack\istack-commons-runtime\4.1.2\istack-commons-runtime-4.1.2.jar;C:\Users\nesta\.m2\repository\jakarta\inject\jakarta.inject-api\2.0.1\jakarta.inject-api-2.0.1.jar;C:\Users\nesta\.m2\repository\org\antlr\antlr4-runtime\4.10.1\antlr4-runtime-4.10.1.jar;C:\Users\nesta\.m2\repository\org\springframework\data\spring-data-jpa\3.2.0\spring-data-jpa-3.2.0.jar;C:\Users\nesta\.m2\repository\org\springframework\data\spring-data-commons\3.2.0\spring-data-commons-3.2.0.jar;C:\Users\nesta\.m2\repository\org\springframework\spring-orm\6.1.1\spring-orm-6.1.1.jar;C:\Users\nesta\.m2\repository\org\springframework\spring-context\6.1.1\spring-context-6.1.1.jar;C:\Users\nesta\.m2\repository\org\springframework\spring-tx\6.1.1\spring-tx-6.1.1.jar;C:\Users\nesta\.m2\repository\org\springframework\spring-beans\6.1.1\spring-beans-6.1.1.jar;C:\Users\nesta\.m2\repository\jakarta\annotation\jakarta.annotation-api\2.1.1\jakarta.annotation-api-2.1.1.jar;C:\Users\nesta\.m2\repository\org\slf4j\slf4j-api\2.0.9\slf4j-api-2.0.9.jar;C:\Users\nesta\.m2\repository\org\springframework\spring-aspects\6.1.1\spring-aspects-6.1.1.jar;C:\Users\nesta\.m2\repository\org\springframework\boot\spring-boot-starter-web\3.2.0\spring-boot-starter-web-3.2.0.jar;C:\Users\nesta\.m2\repository\org\springframework\boot\spring-boot-starter\3.2.0\spring-boot-starter-3.2.0.jar;C:\Users\nesta\.m2\repository\org\springframework\boot\spring-boot\3.2.0\spring-boot-3.2.0.jar;C:\Users\nesta\.m2\repository\org\springframework\boot\spring-boot-autoconfigure\3.2.0\spring-boot-autoconfigure-3.2.0.jar;C:\Users\nesta\.m2\repository\org\springframework\boot\spring-boot-starter-logging\3.2.0\spring-boot-starter-logging-3.2.0.jar;C:\Users\nesta\.m2\repository\ch\qos\logback\logback-classic\1.4.11\logback-classic-1.4.11.jar;C:\Users\nesta\.m2\repository\ch\qos\logback\logback-core\1.4.11\logback-core-1.4.11.jar;C:\Users\nesta\.m2\repository\org\apache\logging\log4j\log4j-to-slf4j\2.21.1\log4j-to-slf4j-2.21.1.jar;C:\Users\nesta\.m2\repository\org\apache\logging\log4j\log4j-api\2.21.1\log4j-api-2.21.1.jar;C:\Users\nesta\.m2\repository\org\slf4j\jul-to-slf4j\2.0.9\jul-to-slf4j-2.0.9.jar;C:\Users\nesta\.m2\repository\org\yaml\snakeyaml\2.2\snakeyaml-2.2.jar;C:\Users\nesta\.m2\repository\org\springframework\boot\spring-boot-starter-json\3.2.0\spring-boot-starter-json-3.2.0.jar;C:\Users\nesta\.m2\repository\com\fasterxml\jackson\core\jackson-databind\2.15.3\jackson-databind-2.15.3.jar;C:\Users\nesta\.m2\repository\com\fasterxml\jackson\core\jackson-annotations\2.15.3\jackson-annotations-2.15.3.jar;C:\Users\nesta\.m2\repository\com\fasterxml\jackson\core\jackson-core\2.15.3\jackson-core-2.15.3.jar;C:\Users\nesta\.m2\repository\com\fasterxml\jackson\datatype\jackson-datatype-jdk8\2.15.3\jackson-datatype-jdk8-2.15.3.jar;C:\Users\nesta\.m2\repository\com\fasterxml\jackson\datatype\jackson-datatype-jsr310\2.15.3\jackson-datatype-jsr310-2.15.3.jar;C:\Users\nesta\.m2\repository\com\fasterxml\jackson\module\jackson-module-parameter-names\2.15.3\jackson-module-parameter-names-2.15.3.jar;C:\Users\nesta\.m2\repository\org\springframework\boot\spring-boot-starter-tomcat\3.2.0\spring-boot-starter-tomcat-3.2.0.jar;C:\Users\nesta\.m2\repository\org\apache\tomcat\embed\tomcat-embed-core\10.1.16\tomcat-embed-core-10.1.16.jar;C:\Users\nesta\.m2\repository\org\apache\tomcat\embed\tomcat-embed-el\10.1.16\tomcat-embed-el-10.1.16.jar;C:\Users\nesta\.m2\repository\org\apache\tomcat\embed\tomcat-embed-websocket\10.1.16\tomcat-embed-websocket-10.1.16.jar;C:\Users\nesta\.m2\repository\org\springframework\spring-web\6.1.1\spring-web-6.1.1.jar;C:\Users\nesta\.m2\repository\io\micrometer\micrometer-observation\1.12.0\micrometer-observation-1.12.0.jar;C:\Users\nesta\.m2\repository\io\micrometer\micrometer-commons\1.12.0\micrometer-commons-1.12.0.jar;C:\Users\nesta\.m2\repository\org\springframework\spring-webmvc\6.1.1\spring-webmvc-6.1.1.jar;C:\Users\nesta\.m2\repository\org\springframework\spring-expression\6.1.1\spring-expression-6.1.1.jar;C:\Users\nesta\.m2\repository\com\mysql\mysql-connector-j\8.1.0\mysql-connector-j-8.1.0.jar;C:\Users\nesta\.m2\repository\org\projectlombok\lombok\1.18.30\lombok-1.18.30.jar;C:\Users\nesta\.m2\repository\jakarta\xml\bind\jakarta.xml.bind-api\4.0.1\jakarta.xml.bind-api-4.0.1.jar;C:\Users\nesta\.m2\repository\jakarta\activation\jakarta.activation-api\2.1.2\jakarta.activation-api-2.1.2.jar;C:\Users\nesta\.m2\repository\org\springframework\spring-core\6.1.1\spring-core-6.1.1.jar;C:\Users\nesta\.m2\repository\org\springframework\spring-jcl\6.1.1\spring-jcl-6.1.1.jar;C:\Users\nesta\.m2\repository\org\springframework\boot\spring-boot-starter-mail\3.2.0\spring-boot-starter-mail-3.2.0.jar;C:\Users\nesta\.m2\repository\org\springframework\spring-context-support\6.1.1\spring-context-support-6.1.1.jar;C:\Users\nesta\.m2\repository\org\eclipse\angus\jakarta.mail\2.0.2\jakarta.mail-2.0.2.jar;C:\Users\nesta\.m2\repository\org\eclipse\angus\angus-activation\2.0.1\angus-activation-2.0.1.jar;C:\Users\nesta\.m2\repository\org\springdoc\springdoc-openapi-starter-webmvc-ui\2.1.0\springdoc-openapi-starter-webmvc-ui-2.1.0.jar;C:\Users\nesta\.m2\repository\org\springdoc\springdoc-openapi-starter-webmvc-api\2.1.0\springdoc-openapi-starter-webmvc-api-2.1.0.jar;C:\Users\nesta\.m2\repository\org\springdoc\springdoc-openapi-starter-common\2.1.0\springdoc-openapi-starter-common-2.1.0.jar;C:\Users\nesta\.m2\repository\io\swagger\core\v3\swagger-core-jakarta\2.2.9\swagger-core-jakarta-2.2.9.jar;C:\Users\nesta\.m2\repository\org\apache\commons\commons-lang3\3.13.0\commons-lang3-3.13.0.jar;C:\Users\nesta\.m2\repository\io\swagger\core\v3\swagger-annotations-jakarta\2.2.9\swagger-annotations-jakarta-2.2.9.jar;C:\Users\nesta\.m2\repository\io\swagger\core\v3\swagger-models-jakarta\2.2.9\swagger-models-jakarta-2.2.9.jar;C:\Users\nesta\.m2\repository\jakarta\validation\jakarta.validation-api\3.0.2\jakarta.validation-api-3.0.2.jar;C:\Users\nesta\.m2\repository\com\fasterxml\jackson\dataformat\jackson-dataformat-yaml\2.15.3\jackson-dataformat-yaml-2.15.3.jar;C:\Users\nesta\.m2\repository\org\webjars\swagger-ui\4.18.2\swagger-ui-4.18.2.jar
Launcher Type: SUN_STANDARD

[Global flags]
     intx CICompilerCount                          = 3                                         {product} {ergonomic}
     uint ConcGCThreads                            = 1                                         {product} {ergonomic}
     uint G1ConcRefinementThreads                  = 4                                         {product} {ergonomic}
   size_t G1HeapRegionSize                         = 1048576                                   {product} {ergonomic}
    uintx GCDrainStackTargetSize                   = 64                                        {product} {ergonomic}
   size_t InitialHeapSize                          = 100663296                                 {product} {ergonomic}
     bool ManagementServer                         = true                                      {product} {command line}
   size_t MarkStackSize                            = 4194304                                   {product} {ergonomic}
   size_t MaxHeapSize                              = 1593835520                                {product} {ergonomic}
   size_t MaxNewSize                               = 956301312                                 {product} {ergonomic}
   size_t MinHeapDeltaBytes                        = 1048576                                   {product} {ergonomic}
   size_t MinHeapSize                              = 8388608                                   {product} {ergonomic}
    uintx NonNMethodCodeHeapSize                   = 4096                                   {pd product} {ergonomic}
    uintx NonProfiledCodeHeapSize                  = 0                                      {pd product} {ergonomic}
     bool ProfileInterpreter                       = false                                  {pd product} {command line}
    uintx ProfiledCodeHeapSize                     = 0                                      {pd product} {ergonomic}
   size_t SoftMaxHeapSize                          = 1593835520                             {manageable} {ergonomic}
     intx TieredStopAtLevel                        = 1                                         {product} {command line}
     bool UseCompressedOops                        = true                           {product lp64_product} {ergonomic}
     bool UseG1GC                                  = true                                      {product} {ergonomic}
     bool UseLargePagesIndividualAllocation        = false                                  {pd product} {ergonomic}

Logging:
Log output configuration:
 #0: stdout all=warning uptime,level,tags foldmultilines=false
 #1: stderr all=off uptime,level,tags foldmultilines=false

Environment Variables:
PATH=C:\Program Files (x86)\Common Files\Oracle\Java\javapath;C:\app\nesta\product\21c\dbhomeXE\bin;C:\Windows\system32;C:\Windows;C:\Windows\System32\Wbem;C:\Windows\System32\WindowsPowerShell\v1.0\;C:\Windows\System32\OpenSSH\;C:\Users\nesta\AppData\Local\Programs\Python\Python311\Scripts\;C:\Users\nesta\AppData\Local\Programs\Python\Python311\;C:\Users\nesta\AppData\Local\Microsoft\WindowsApps;;C:\Users\nesta\AppData\Local\Programs\Microsoft VS Code\bin;C:\Program Files\JetBrains\IntelliJ IDEA Community Edition 2023.2.5\bin;;C:\Program Files\JetBrains\IntelliJ IDEA 2023.2.5\bin;
USERNAME=nesta
OS=Windows_NT
PROCESSOR_IDENTIFIER=Intel64 Family 6 Model 42 Stepping 7, GenuineIntel
TMP=C:\Users\nesta\AppData\Local\Temp
TEMP=C:\Users\nesta\AppData\Local\Temp




Periodic native trim disabled

---------------  S Y S T E M  ---------------

OS:
 Windows 10 , 64 bit Build 19041 (10.0.19041.3636)
OS uptime: 1 days 0:03 hours

CPU: total 4 (initial active 4) (2 cores per cpu, 2 threads per core) family 6 model 42 stepping 7 microcode 0x2f, cx8, cmov, fxsr, ht, mmx, sse, sse2, sse3, ssse3, sse4.1, sse4.2, popcnt, tsc, tscinvbit, avx, aes, clmul, vzeroupper, clflush, rdtscp
Processor Information for all 4 processors :
  Max Mhz: 2501, Current Mhz: 2501, Mhz Limit: 2501

Memory: 4k page, system-wide physical 6078M (540M free)
TotalPageFile size 9150M (AvailPageFile size 1507M)
current process WorkingSet (physical memory assigned to process): 78M, peak: 78M
current process commit charge ("private bytes"): 186M, peak: 186M

vm_info: OpenJDK 64-Bit Server VM (21.0.1+12-29) for windows-amd64 JRE (21.0.1+12-29), built on 2023-10-05T13:27:09Z by "mach5one" with MS VC++ 17.1 (VS2022)

END.
